  Scanning sources for module dependencies...
  glm.cppm
  Compiling...
  glm.cppm
  App.cpp
  Camera.cpp
  Events.cpp
  FirstPersonCamera.cpp
  Flags.cpp
  ImGuiLayer.cpp
  Layer.cpp
  Light.cpp
C:\Users\ronit\Desktop\Drizzle3D\Drizzle3D\Light.cpp(13,16): warning C4244: '=': conversion from 'float' to 'int', possible loss of data
  Logging.cpp
  main.cpp
  Material.cpp
  Object.cpp
  OpenGL.cpp
C:\Users\ronit\Desktop\Drizzle3D\Drizzle3D\OpenGL.cpp(185,59): warning C4267: 'argument': conversion from 'size_t' to 'GLsizei', possible loss of data
  RenderingLayer.cpp
  Renderer2D.cpp
  ResourceManager.cpp
C:\Users\ronit\Desktop\Drizzle3D\Drizzle3D\ResourceManager.cpp(14,34): warning C4302: 'type cast': truncation from 'const char []' to 'char'
C:\Users\ronit\Desktop\Drizzle3D\Drizzle3D\ResourceManager.cpp(41,31): warning C4302: 'type cast': truncation from 'const char []' to 'char'
  Shader.cpp
  Skybox.cpp
  imgui_impl_glfw.cpp
  imgui_impl_opengl3.cpp
  Generating Code...
C:\Users\ronit\Desktop\Drizzle3D\Drizzle3D\Camera.cpp(46,1): warning C4715: 'Drizzle3D::RenderingLayer::ReturnActiveCamera': not all control paths return a value
C:\Users\ronit\Desktop\Drizzle3D\Drizzle3D\Camera.cpp(54,1): warning C4715: 'Drizzle3D::RenderingLayer::GetCameraFromID': not all control paths return a value
  Compiling...
  imgui.cpp
  imgui_demo.cpp
  imgui_draw.cpp
  imgui_tables.cpp
  imgui_widgets.cpp
  VkBootstrap.cpp
  Vulkan.cpp
  Window.cpp
  Generating Code...
  glad.c
volk.lib(volk.obj) : warning LNK4099: PDB '' was not found with 'volk.lib(volk.obj)' or at ''; linking object as if no debug info
     Creating library C:\Users\ronit\Desktop\Drizzle3D\Debug\Drizzle3D.lib and object C:\Users\ronit\Desktop\Drizzle3D\Debug\Drizzle3D.exp
LINK : warning LNK4098: defaultlib 'MSVCRT' conflicts with use of other libs; use /NODEFAULTLIB:library
  Drizzle3D.vcxproj -> C:\Users\ronit\Desktop\Drizzle3D\Debug\Drizzle3D.dll
  C:\Users\ronit\Desktop\Drizzle3D\ExampleProject\vendor\Drizzle3D\Drizzle3D.dll
  1 File(s) copied
