  Scanning sources for module dependencies...
  App.cpp
C:\Users\ronit\Desktop\Drizzle3D\Drizzle3D\Events.h(55,45): warning C4251: 'Drizzle3D::EventDispatcher::events': class 'std::vector<std::unique_ptr<Drizzle3D::Event,std::default_delete<Drizzle3D::Event>>,std::allocator<std::unique_ptr<Drizzle3D::Event,std::default_delete<Drizzle3D::Event>>>>' needs to have dll-interface to be used by clients of class 'Drizzle3D::EventDispatcher'
  (compiling source file 'App.cpp')
  C:\Program Files\Microsoft Visual Studio\2022\Community\VC\Tools\MSVC\14.39.33519\include\vector(436,7):
  see declaration of 'std::vector<std::unique_ptr<Drizzle3D::Event,std::default_delete<Drizzle3D::Event>>,std::allocator<std::unique_ptr<Drizzle3D::Event,std::default_delete<Drizzle3D::Event>>>>'
  
C:\Users\ronit\Desktop\Drizzle3D\Drizzle3D\Events.h(56,88): warning C4251: 'Drizzle3D::EventDispatcher::eventCallbacks': class 'std::unordered_map<Drizzle3D::EventType,std::vector<std::pair<Drizzle3D::EventDispatcher::EventCallback,std::any>,std::allocator<std::pair<Drizzle3D::EventDispatcher::EventCallback,std::any>>>,std::hash<Drizzle3D::EventType>,std::equal_to<Drizzle3D::EventType>,std::allocator<std::pair<const Drizzle3D::EventType,std::vector<std::pair<Drizzle3D::EventDispatcher::EventCallback,std::any>,std::allocator<std::pair<Drizzle3D::EventDispatcher::EventCallback,std::any>>>>>>' needs to have dll-interface to be used by clients of class 'Drizzle3D::EventDispatcher'
  (compiling source file 'App.cpp')
  C:\Program Files\Microsoft Visual Studio\2022\Community\VC\Tools\MSVC\14.39.33519\include\unordered_map(66,7):
  see declaration of 'std::unordered_map<Drizzle3D::EventType,std::vector<std::pair<Drizzle3D::EventDispatcher::EventCallback,std::any>,std::allocator<std::pair<Drizzle3D::EventDispatcher::EventCallback,std::any>>>,std::hash<Drizzle3D::EventType>,std::equal_to<Drizzle3D::EventType>,std::allocator<std::pair<const Drizzle3D::EventType,std::vector<std::pair<Drizzle3D::EventDispatcher::EventCallback,std::any>,std::allocator<std::pair<Drizzle3D::EventDispatcher::EventCallback,std::any>>>>>>'
  
C:\Users\ronit\Desktop\Drizzle3D\Drizzle3D\ImGuiLayer.h(24,45): warning C4275: non dll-interface class 'Drizzle3D::Layer' used as base for dll-interface class 'Drizzle3D::ImGuiLayer'
  (compiling source file 'App.cpp')
  C:\Users\ronit\Desktop\Drizzle3D\Drizzle3D\Layer.h(16,11):
  see declaration of 'Drizzle3D::Layer'
  C:\Users\ronit\Desktop\Drizzle3D\Drizzle3D\ImGuiLayer.h(24,25):
  see declaration of 'Drizzle3D::ImGuiLayer'
  
C:\Users\ronit\Desktop\Drizzle3D\Drizzle3D\ImGuiLayer.h(46,21): warning C4251: 'Drizzle3D::ImGuiLayer::name': class 'std::basic_string<char,std::char_traits<char>,std::allocator<char>>' needs to have dll-interface to be used by clients of class 'Drizzle3D::ImGuiLayer'
  (compiling source file 'App.cpp')
  C:\Program Files\Microsoft Visual Studio\2022\Community\VC\Tools\MSVC\14.39.33519\include\xstring(2337,7):
  see declaration of 'std::basic_string<char,std::char_traits<char>,std::allocator<char>>'
  
C:\Users\ronit\Desktop\Drizzle3D\Drizzle3D\ImGuiLayer.h(48,37): warning C4251: 'Drizzle3D::ImGuiLayer::igui': class 'std::shared_ptr<Drizzle3D::ImGuiLayer>' needs to have dll-interface to be used by clients of class 'Drizzle3D::ImGuiLayer'
  (compiling source file 'App.cpp')
  C:\Program Files\Microsoft Visual Studio\2022\Community\VC\Tools\MSVC\14.39.33519\include\memory(1525,7):
  see declaration of 'std::shared_ptr<Drizzle3D::ImGuiLayer>'
  
C:\Users\ronit\Desktop\Drizzle3D\Drizzle3D\ImGuiLayer.h(49,34): warning C4251: 'Drizzle3D::ImGuiLayer::SliderFloats': class 'std::vector<Drizzle3D::SliderFloat,std::allocator<Drizzle3D::SliderFloat>>' needs to have dll-interface to be used by clients of class 'Drizzle3D::ImGuiLayer'
  (compiling source file 'App.cpp')
  C:\Program Files\Microsoft Visual Studio\2022\Community\VC\Tools\MSVC\14.39.33519\include\vector(436,7):
  see declaration of 'std::vector<Drizzle3D::SliderFloat,std::allocator<Drizzle3D::SliderFloat>>'
  
C:\Users\ronit\Desktop\Drizzle3D\Drizzle3D\ResourceManager.h(32,48): warning C4251: 'Drizzle3D::ResourceManager::resources': class 'std::unordered_map<std::string,std::string,std::hash<std::string>,std::equal_to<std::string>,std::allocator<std::pair<const std::string,std::string>>>' needs to have dll-interface to be used by clients of class 'Drizzle3D::ResourceManager'
  (compiling source file 'App.cpp')
  C:\Program Files\Microsoft Visual Studio\2022\Community\VC\Tools\MSVC\14.39.33519\include\unordered_map(66,7):
  see declaration of 'std::unordered_map<std::string,std::string,std::hash<std::string>,std::equal_to<std::string>,std::allocator<std::pair<const std::string,std::string>>>'
  
  Camera.cpp
C:\Users\ronit\Desktop\Drizzle3D\Drizzle3D\Events.h(55,45): warning C4251: 'Drizzle3D::EventDispatcher::events': class 'std::vector<std::unique_ptr<Drizzle3D::Event,std::default_delete<Drizzle3D::Event>>,std::allocator<std::unique_ptr<Drizzle3D::Event,std::default_delete<Drizzle3D::Event>>>>' needs to have dll-interface to be used by clients of class 'Drizzle3D::EventDispatcher'
  (compiling source file 'Camera.cpp')
  C:\Program Files\Microsoft Visual Studio\2022\Community\VC\Tools\MSVC\14.39.33519\include\vector(436,7):
  see declaration of 'std::vector<std::unique_ptr<Drizzle3D::Event,std::default_delete<Drizzle3D::Event>>,std::allocator<std::unique_ptr<Drizzle3D::Event,std::default_delete<Drizzle3D::Event>>>>'
  
C:\Users\ronit\Desktop\Drizzle3D\Drizzle3D\Events.h(56,88): warning C4251: 'Drizzle3D::EventDispatcher::eventCallbacks': class 'std::unordered_map<Drizzle3D::EventType,std::vector<std::pair<Drizzle3D::EventDispatcher::EventCallback,std::any>,std::allocator<std::pair<Drizzle3D::EventDispatcher::EventCallback,std::any>>>,std::hash<Drizzle3D::EventType>,std::equal_to<Drizzle3D::EventType>,std::allocator<std::pair<const Drizzle3D::EventType,std::vector<std::pair<Drizzle3D::EventDispatcher::EventCallback,std::any>,std::allocator<std::pair<Drizzle3D::EventDispatcher::EventCallback,std::any>>>>>>' needs to have dll-interface to be used by clients of class 'Drizzle3D::EventDispatcher'
  (compiling source file 'Camera.cpp')
  C:\Program Files\Microsoft Visual Studio\2022\Community\VC\Tools\MSVC\14.39.33519\include\unordered_map(66,7):
  see declaration of 'std::unordered_map<Drizzle3D::EventType,std::vector<std::pair<Drizzle3D::EventDispatcher::EventCallback,std::any>,std::allocator<std::pair<Drizzle3D::EventDispatcher::EventCallback,std::any>>>,std::hash<Drizzle3D::EventType>,std::equal_to<Drizzle3D::EventType>,std::allocator<std::pair<const Drizzle3D::EventType,std::vector<std::pair<Drizzle3D::EventDispatcher::EventCallback,std::any>,std::allocator<std::pair<Drizzle3D::EventDispatcher::EventCallback,std::any>>>>>>'
  
C:\Users\ronit\Desktop\Drizzle3D\Drizzle3D\ResourceManager.h(32,48): warning C4251: 'Drizzle3D::ResourceManager::resources': class 'std::unordered_map<std::string,std::string,std::hash<std::string>,std::equal_to<std::string>,std::allocator<std::pair<const std::string,std::string>>>' needs to have dll-interface to be used by clients of class 'Drizzle3D::ResourceManager'
  (compiling source file 'Camera.cpp')
  C:\Program Files\Microsoft Visual Studio\2022\Community\VC\Tools\MSVC\14.39.33519\include\unordered_map(66,7):
  see declaration of 'std::unordered_map<std::string,std::string,std::hash<std::string>,std::equal_to<std::string>,std::allocator<std::pair<const std::string,std::string>>>'
  
  FirstPersonCamera.cpp
C:\Users\ronit\Desktop\Drizzle3D\Drizzle3D\Events.h(55,45): warning C4251: 'Drizzle3D::EventDispatcher::events': class 'std::vector<std::unique_ptr<Drizzle3D::Event,std::default_delete<Drizzle3D::Event>>,std::allocator<std::unique_ptr<Drizzle3D::Event,std::default_delete<Drizzle3D::Event>>>>' needs to have dll-interface to be used by clients of class 'Drizzle3D::EventDispatcher'
  (compiling source file 'FirstPersonCamera.cpp')
  C:\Program Files\Microsoft Visual Studio\2022\Community\VC\Tools\MSVC\14.39.33519\include\vector(436,7):
  see declaration of 'std::vector<std::unique_ptr<Drizzle3D::Event,std::default_delete<Drizzle3D::Event>>,std::allocator<std::unique_ptr<Drizzle3D::Event,std::default_delete<Drizzle3D::Event>>>>'
  
C:\Users\ronit\Desktop\Drizzle3D\Drizzle3D\Events.h(56,88): warning C4251: 'Drizzle3D::EventDispatcher::eventCallbacks': class 'std::unordered_map<Drizzle3D::EventType,std::vector<std::pair<Drizzle3D::EventDispatcher::EventCallback,std::any>,std::allocator<std::pair<Drizzle3D::EventDispatcher::EventCallback,std::any>>>,std::hash<Drizzle3D::EventType>,std::equal_to<Drizzle3D::EventType>,std::allocator<std::pair<const Drizzle3D::EventType,std::vector<std::pair<Drizzle3D::EventDispatcher::EventCallback,std::any>,std::allocator<std::pair<Drizzle3D::EventDispatcher::EventCallback,std::any>>>>>>' needs to have dll-interface to be used by clients of class 'Drizzle3D::EventDispatcher'
  (compiling source file 'FirstPersonCamera.cpp')
  C:\Program Files\Microsoft Visual Studio\2022\Community\VC\Tools\MSVC\14.39.33519\include\unordered_map(66,7):
  see declaration of 'std::unordered_map<Drizzle3D::EventType,std::vector<std::pair<Drizzle3D::EventDispatcher::EventCallback,std::any>,std::allocator<std::pair<Drizzle3D::EventDispatcher::EventCallback,std::any>>>,std::hash<Drizzle3D::EventType>,std::equal_to<Drizzle3D::EventType>,std::allocator<std::pair<const Drizzle3D::EventType,std::vector<std::pair<Drizzle3D::EventDispatcher::EventCallback,std::any>,std::allocator<std::pair<Drizzle3D::EventDispatcher::EventCallback,std::any>>>>>>'
  
C:\Users\ronit\Desktop\Drizzle3D\Drizzle3D\ImGuiLayer.h(24,45): warning C4275: non dll-interface class 'Drizzle3D::Layer' used as base for dll-interface class 'Drizzle3D::ImGuiLayer'
  (compiling source file 'FirstPersonCamera.cpp')
  C:\Users\ronit\Desktop\Drizzle3D\Drizzle3D\Layer.h(16,11):
  see declaration of 'Drizzle3D::Layer'
  C:\Users\ronit\Desktop\Drizzle3D\Drizzle3D\ImGuiLayer.h(24,25):
  see declaration of 'Drizzle3D::ImGuiLayer'
  
C:\Users\ronit\Desktop\Drizzle3D\Drizzle3D\ImGuiLayer.h(46,21): warning C4251: 'Drizzle3D::ImGuiLayer::name': class 'std::basic_string<char,std::char_traits<char>,std::allocator<char>>' needs to have dll-interface to be used by clients of class 'Drizzle3D::ImGuiLayer'
  (compiling source file 'FirstPersonCamera.cpp')
  C:\Program Files\Microsoft Visual Studio\2022\Community\VC\Tools\MSVC\14.39.33519\include\xstring(2337,7):
  see declaration of 'std::basic_string<char,std::char_traits<char>,std::allocator<char>>'
  
C:\Users\ronit\Desktop\Drizzle3D\Drizzle3D\ImGuiLayer.h(48,37): warning C4251: 'Drizzle3D::ImGuiLayer::igui': class 'std::shared_ptr<Drizzle3D::ImGuiLayer>' needs to have dll-interface to be used by clients of class 'Drizzle3D::ImGuiLayer'
  (compiling source file 'FirstPersonCamera.cpp')
  C:\Program Files\Microsoft Visual Studio\2022\Community\VC\Tools\MSVC\14.39.33519\include\memory(1525,7):
  see declaration of 'std::shared_ptr<Drizzle3D::ImGuiLayer>'
  
C:\Users\ronit\Desktop\Drizzle3D\Drizzle3D\ImGuiLayer.h(49,34): warning C4251: 'Drizzle3D::ImGuiLayer::SliderFloats': class 'std::vector<Drizzle3D::SliderFloat,std::allocator<Drizzle3D::SliderFloat>>' needs to have dll-interface to be used by clients of class 'Drizzle3D::ImGuiLayer'
  (compiling source file 'FirstPersonCamera.cpp')
  C:\Program Files\Microsoft Visual Studio\2022\Community\VC\Tools\MSVC\14.39.33519\include\vector(436,7):
  see declaration of 'std::vector<Drizzle3D::SliderFloat,std::allocator<Drizzle3D::SliderFloat>>'
  
C:\Users\ronit\Desktop\Drizzle3D\Drizzle3D\ResourceManager.h(32,48): warning C4251: 'Drizzle3D::ResourceManager::resources': class 'std::unordered_map<std::string,std::string,std::hash<std::string>,std::equal_to<std::string>,std::allocator<std::pair<const std::string,std::string>>>' needs to have dll-interface to be used by clients of class 'Drizzle3D::ResourceManager'
  (compiling source file 'FirstPersonCamera.cpp')
  C:\Program Files\Microsoft Visual Studio\2022\Community\VC\Tools\MSVC\14.39.33519\include\unordered_map(66,7):
  see declaration of 'std::unordered_map<std::string,std::string,std::hash<std::string>,std::equal_to<std::string>,std::allocator<std::pair<const std::string,std::string>>>'
  
C:\Users\ronit\Desktop\Drizzle3D\Drizzle3D\FirstPersonCamera.h(20,13): warning C4251: 'Drizzle3D::FirstPersonCamera::position': struct 'glm::vec<3,float,glm::packed_highp>' needs to have dll-interface to be used by clients of class 'Drizzle3D::FirstPersonCamera'
  (compiling source file 'FirstPersonCamera.cpp')
  C:\Users\ronit\Desktop\Drizzle3D\Drizzle3D\vendor\glm\glm\detail\qualifier.hpp(35,66):
  see declaration of 'glm::vec<3,float,glm::packed_highp>'
  
C:\Users\ronit\Desktop\Drizzle3D\Drizzle3D\FirstPersonCamera.h(27,24): warning C4251: 'Drizzle3D::FirstPersonCamera::application': class 'std::shared_ptr<Drizzle3D::App>' needs to have dll-interface to be used by clients of class 'Drizzle3D::FirstPersonCamera'
  (compiling source file 'FirstPersonCamera.cpp')
  C:\Program Files\Microsoft Visual Studio\2022\Community\VC\Tools\MSVC\14.39.33519\include\memory(1525,7):
  see declaration of 'std::shared_ptr<Drizzle3D::App>'
  
  Light.cpp
C:\Users\ronit\Desktop\Drizzle3D\Drizzle3D\Events.h(55,45): warning C4251: 'Drizzle3D::EventDispatcher::events': class 'std::vector<std::unique_ptr<Drizzle3D::Event,std::default_delete<Drizzle3D::Event>>,std::allocator<std::unique_ptr<Drizzle3D::Event,std::default_delete<Drizzle3D::Event>>>>' needs to have dll-interface to be used by clients of class 'Drizzle3D::EventDispatcher'
  (compiling source file 'Light.cpp')
  C:\Program Files\Microsoft Visual Studio\2022\Community\VC\Tools\MSVC\14.39.33519\include\vector(436,7):
  see declaration of 'std::vector<std::unique_ptr<Drizzle3D::Event,std::default_delete<Drizzle3D::Event>>,std::allocator<std::unique_ptr<Drizzle3D::Event,std::default_delete<Drizzle3D::Event>>>>'
  
C:\Users\ronit\Desktop\Drizzle3D\Drizzle3D\Events.h(56,88): warning C4251: 'Drizzle3D::EventDispatcher::eventCallbacks': class 'std::unordered_map<Drizzle3D::EventType,std::vector<std::pair<Drizzle3D::EventDispatcher::EventCallback,std::any>,std::allocator<std::pair<Drizzle3D::EventDispatcher::EventCallback,std::any>>>,std::hash<Drizzle3D::EventType>,std::equal_to<Drizzle3D::EventType>,std::allocator<std::pair<const Drizzle3D::EventType,std::vector<std::pair<Drizzle3D::EventDispatcher::EventCallback,std::any>,std::allocator<std::pair<Drizzle3D::EventDispatcher::EventCallback,std::any>>>>>>' needs to have dll-interface to be used by clients of class 'Drizzle3D::EventDispatcher'
  (compiling source file 'Light.cpp')
  C:\Program Files\Microsoft Visual Studio\2022\Community\VC\Tools\MSVC\14.39.33519\include\unordered_map(66,7):
  see declaration of 'std::unordered_map<Drizzle3D::EventType,std::vector<std::pair<Drizzle3D::EventDispatcher::EventCallback,std::any>,std::allocator<std::pair<Drizzle3D::EventDispatcher::EventCallback,std::any>>>,std::hash<Drizzle3D::EventType>,std::equal_to<Drizzle3D::EventType>,std::allocator<std::pair<const Drizzle3D::EventType,std::vector<std::pair<Drizzle3D::EventDispatcher::EventCallback,std::any>,std::allocator<std::pair<Drizzle3D::EventDispatcher::EventCallback,std::any>>>>>>'
  
C:\Users\ronit\Desktop\Drizzle3D\Drizzle3D\ResourceManager.h(32,48): warning C4251: 'Drizzle3D::ResourceManager::resources': class 'std::unordered_map<std::string,std::string,std::hash<std::string>,std::equal_to<std::string>,std::allocator<std::pair<const std::string,std::string>>>' needs to have dll-interface to be used by clients of class 'Drizzle3D::ResourceManager'
  (compiling source file 'Light.cpp')
  C:\Program Files\Microsoft Visual Studio\2022\Community\VC\Tools\MSVC\14.39.33519\include\unordered_map(66,7):
  see declaration of 'std::unordered_map<std::string,std::string,std::hash<std::string>,std::equal_to<std::string>,std::allocator<std::pair<const std::string,std::string>>>'
  
C:\Users\ronit\Desktop\Drizzle3D\Drizzle3D\Light.cpp(13,16): warning C4244: '=': conversion from 'float' to 'int', possible loss of data
  Object.cpp
C:\Users\ronit\Desktop\Drizzle3D\Drizzle3D\Events.h(55,45): warning C4251: 'Drizzle3D::EventDispatcher::events': class 'std::vector<std::unique_ptr<Drizzle3D::Event,std::default_delete<Drizzle3D::Event>>,std::allocator<std::unique_ptr<Drizzle3D::Event,std::default_delete<Drizzle3D::Event>>>>' needs to have dll-interface to be used by clients of class 'Drizzle3D::EventDispatcher'
  (compiling source file 'Object.cpp')
  C:\Program Files\Microsoft Visual Studio\2022\Community\VC\Tools\MSVC\14.39.33519\include\vector(436,7):
  see declaration of 'std::vector<std::unique_ptr<Drizzle3D::Event,std::default_delete<Drizzle3D::Event>>,std::allocator<std::unique_ptr<Drizzle3D::Event,std::default_delete<Drizzle3D::Event>>>>'
  
C:\Users\ronit\Desktop\Drizzle3D\Drizzle3D\Events.h(56,88): warning C4251: 'Drizzle3D::EventDispatcher::eventCallbacks': class 'std::unordered_map<Drizzle3D::EventType,std::vector<std::pair<Drizzle3D::EventDispatcher::EventCallback,std::any>,std::allocator<std::pair<Drizzle3D::EventDispatcher::EventCallback,std::any>>>,std::hash<Drizzle3D::EventType>,std::equal_to<Drizzle3D::EventType>,std::allocator<std::pair<const Drizzle3D::EventType,std::vector<std::pair<Drizzle3D::EventDispatcher::EventCallback,std::any>,std::allocator<std::pair<Drizzle3D::EventDispatcher::EventCallback,std::any>>>>>>' needs to have dll-interface to be used by clients of class 'Drizzle3D::EventDispatcher'
  (compiling source file 'Object.cpp')
  C:\Program Files\Microsoft Visual Studio\2022\Community\VC\Tools\MSVC\14.39.33519\include\unordered_map(66,7):
  see declaration of 'std::unordered_map<Drizzle3D::EventType,std::vector<std::pair<Drizzle3D::EventDispatcher::EventCallback,std::any>,std::allocator<std::pair<Drizzle3D::EventDispatcher::EventCallback,std::any>>>,std::hash<Drizzle3D::EventType>,std::equal_to<Drizzle3D::EventType>,std::allocator<std::pair<const Drizzle3D::EventType,std::vector<std::pair<Drizzle3D::EventDispatcher::EventCallback,std::any>,std::allocator<std::pair<Drizzle3D::EventDispatcher::EventCallback,std::any>>>>>>'
  
C:\Users\ronit\Desktop\Drizzle3D\Drizzle3D\ResourceManager.h(32,48): warning C4251: 'Drizzle3D::ResourceManager::resources': class 'std::unordered_map<std::string,std::string,std::hash<std::string>,std::equal_to<std::string>,std::allocator<std::pair<const std::string,std::string>>>' needs to have dll-interface to be used by clients of class 'Drizzle3D::ResourceManager'
  (compiling source file 'Object.cpp')
  C:\Program Files\Microsoft Visual Studio\2022\Community\VC\Tools\MSVC\14.39.33519\include\unordered_map(66,7):
  see declaration of 'std::unordered_map<std::string,std::string,std::hash<std::string>,std::equal_to<std::string>,std::allocator<std::pair<const std::string,std::string>>>'
  
  RenderingLayer.cpp
C:\Users\ronit\Desktop\Drizzle3D\Drizzle3D\Events.h(55,45): warning C4251: 'Drizzle3D::EventDispatcher::events': class 'std::vector<std::unique_ptr<Drizzle3D::Event,std::default_delete<Drizzle3D::Event>>,std::allocator<std::unique_ptr<Drizzle3D::Event,std::default_delete<Drizzle3D::Event>>>>' needs to have dll-interface to be used by clients of class 'Drizzle3D::EventDispatcher'
  (compiling source file 'RenderingLayer.cpp')
  C:\Program Files\Microsoft Visual Studio\2022\Community\VC\Tools\MSVC\14.39.33519\include\vector(436,7):
  see declaration of 'std::vector<std::unique_ptr<Drizzle3D::Event,std::default_delete<Drizzle3D::Event>>,std::allocator<std::unique_ptr<Drizzle3D::Event,std::default_delete<Drizzle3D::Event>>>>'
  
C:\Users\ronit\Desktop\Drizzle3D\Drizzle3D\Events.h(56,88): warning C4251: 'Drizzle3D::EventDispatcher::eventCallbacks': class 'std::unordered_map<Drizzle3D::EventType,std::vector<std::pair<Drizzle3D::EventDispatcher::EventCallback,std::any>,std::allocator<std::pair<Drizzle3D::EventDispatcher::EventCallback,std::any>>>,std::hash<Drizzle3D::EventType>,std::equal_to<Drizzle3D::EventType>,std::allocator<std::pair<const Drizzle3D::EventType,std::vector<std::pair<Drizzle3D::EventDispatcher::EventCallback,std::any>,std::allocator<std::pair<Drizzle3D::EventDispatcher::EventCallback,std::any>>>>>>' needs to have dll-interface to be used by clients of class 'Drizzle3D::EventDispatcher'
  (compiling source file 'RenderingLayer.cpp')
  C:\Program Files\Microsoft Visual Studio\2022\Community\VC\Tools\MSVC\14.39.33519\include\unordered_map(66,7):
  see declaration of 'std::unordered_map<Drizzle3D::EventType,std::vector<std::pair<Drizzle3D::EventDispatcher::EventCallback,std::any>,std::allocator<std::pair<Drizzle3D::EventDispatcher::EventCallback,std::any>>>,std::hash<Drizzle3D::EventType>,std::equal_to<Drizzle3D::EventType>,std::allocator<std::pair<const Drizzle3D::EventType,std::vector<std::pair<Drizzle3D::EventDispatcher::EventCallback,std::any>,std::allocator<std::pair<Drizzle3D::EventDispatcher::EventCallback,std::any>>>>>>'
  
C:\Users\ronit\Desktop\Drizzle3D\Drizzle3D\ResourceManager.h(32,48): warning C4251: 'Drizzle3D::ResourceManager::resources': class 'std::unordered_map<std::string,std::string,std::hash<std::string>,std::equal_to<std::string>,std::allocator<std::pair<const std::string,std::string>>>' needs to have dll-interface to be used by clients of class 'Drizzle3D::ResourceManager'
  (compiling source file 'RenderingLayer.cpp')
  C:\Program Files\Microsoft Visual Studio\2022\Community\VC\Tools\MSVC\14.39.33519\include\unordered_map(66,7):
  see declaration of 'std::unordered_map<std::string,std::string,std::hash<std::string>,std::equal_to<std::string>,std::allocator<std::pair<const std::string,std::string>>>'
  
C:\Users\ronit\Desktop\Drizzle3D\Drizzle3D\RenderingLayer.cpp(278,59): warning C4267: 'argument': conversion from 'size_t' to 'GLsizei', possible loss of data
  Shader.cpp
C:\Users\ronit\Desktop\Drizzle3D\Drizzle3D\Events.h(55,45): warning C4251: 'Drizzle3D::EventDispatcher::events': class 'std::vector<std::unique_ptr<Drizzle3D::Event,std::default_delete<Drizzle3D::Event>>,std::allocator<std::unique_ptr<Drizzle3D::Event,std::default_delete<Drizzle3D::Event>>>>' needs to have dll-interface to be used by clients of class 'Drizzle3D::EventDispatcher'
  (compiling source file 'Shader.cpp')
  C:\Program Files\Microsoft Visual Studio\2022\Community\VC\Tools\MSVC\14.39.33519\include\vector(436,7):
  see declaration of 'std::vector<std::unique_ptr<Drizzle3D::Event,std::default_delete<Drizzle3D::Event>>,std::allocator<std::unique_ptr<Drizzle3D::Event,std::default_delete<Drizzle3D::Event>>>>'
  
C:\Users\ronit\Desktop\Drizzle3D\Drizzle3D\Events.h(56,88): warning C4251: 'Drizzle3D::EventDispatcher::eventCallbacks': class 'std::unordered_map<Drizzle3D::EventType,std::vector<std::pair<Drizzle3D::EventDispatcher::EventCallback,std::any>,std::allocator<std::pair<Drizzle3D::EventDispatcher::EventCallback,std::any>>>,std::hash<Drizzle3D::EventType>,std::equal_to<Drizzle3D::EventType>,std::allocator<std::pair<const Drizzle3D::EventType,std::vector<std::pair<Drizzle3D::EventDispatcher::EventCallback,std::any>,std::allocator<std::pair<Drizzle3D::EventDispatcher::EventCallback,std::any>>>>>>' needs to have dll-interface to be used by clients of class 'Drizzle3D::EventDispatcher'
  (compiling source file 'Shader.cpp')
  C:\Program Files\Microsoft Visual Studio\2022\Community\VC\Tools\MSVC\14.39.33519\include\unordered_map(66,7):
  see declaration of 'std::unordered_map<Drizzle3D::EventType,std::vector<std::pair<Drizzle3D::EventDispatcher::EventCallback,std::any>,std::allocator<std::pair<Drizzle3D::EventDispatcher::EventCallback,std::any>>>,std::hash<Drizzle3D::EventType>,std::equal_to<Drizzle3D::EventType>,std::allocator<std::pair<const Drizzle3D::EventType,std::vector<std::pair<Drizzle3D::EventDispatcher::EventCallback,std::any>,std::allocator<std::pair<Drizzle3D::EventDispatcher::EventCallback,std::any>>>>>>'
  
C:\Users\ronit\Desktop\Drizzle3D\Drizzle3D\ResourceManager.h(32,48): warning C4251: 'Drizzle3D::ResourceManager::resources': class 'std::unordered_map<std::string,std::string,std::hash<std::string>,std::equal_to<std::string>,std::allocator<std::pair<const std::string,std::string>>>' needs to have dll-interface to be used by clients of class 'Drizzle3D::ResourceManager'
  (compiling source file 'Shader.cpp')
  C:\Program Files\Microsoft Visual Studio\2022\Community\VC\Tools\MSVC\14.39.33519\include\unordered_map(66,7):
  see declaration of 'std::unordered_map<std::string,std::string,std::hash<std::string>,std::equal_to<std::string>,std::allocator<std::pair<const std::string,std::string>>>'
  
  Skybox.cpp
C:\Users\ronit\Desktop\Drizzle3D\Drizzle3D\Events.h(55,45): warning C4251: 'Drizzle3D::EventDispatcher::events': class 'std::vector<std::unique_ptr<Drizzle3D::Event,std::default_delete<Drizzle3D::Event>>,std::allocator<std::unique_ptr<Drizzle3D::Event,std::default_delete<Drizzle3D::Event>>>>' needs to have dll-interface to be used by clients of class 'Drizzle3D::EventDispatcher'
  (compiling source file 'Skybox.cpp')
  C:\Program Files\Microsoft Visual Studio\2022\Community\VC\Tools\MSVC\14.39.33519\include\vector(436,7):
  see declaration of 'std::vector<std::unique_ptr<Drizzle3D::Event,std::default_delete<Drizzle3D::Event>>,std::allocator<std::unique_ptr<Drizzle3D::Event,std::default_delete<Drizzle3D::Event>>>>'
  
C:\Users\ronit\Desktop\Drizzle3D\Drizzle3D\Events.h(56,88): warning C4251: 'Drizzle3D::EventDispatcher::eventCallbacks': class 'std::unordered_map<Drizzle3D::EventType,std::vector<std::pair<Drizzle3D::EventDispatcher::EventCallback,std::any>,std::allocator<std::pair<Drizzle3D::EventDispatcher::EventCallback,std::any>>>,std::hash<Drizzle3D::EventType>,std::equal_to<Drizzle3D::EventType>,std::allocator<std::pair<const Drizzle3D::EventType,std::vector<std::pair<Drizzle3D::EventDispatcher::EventCallback,std::any>,std::allocator<std::pair<Drizzle3D::EventDispatcher::EventCallback,std::any>>>>>>' needs to have dll-interface to be used by clients of class 'Drizzle3D::EventDispatcher'
  (compiling source file 'Skybox.cpp')
  C:\Program Files\Microsoft Visual Studio\2022\Community\VC\Tools\MSVC\14.39.33519\include\unordered_map(66,7):
  see declaration of 'std::unordered_map<Drizzle3D::EventType,std::vector<std::pair<Drizzle3D::EventDispatcher::EventCallback,std::any>,std::allocator<std::pair<Drizzle3D::EventDispatcher::EventCallback,std::any>>>,std::hash<Drizzle3D::EventType>,std::equal_to<Drizzle3D::EventType>,std::allocator<std::pair<const Drizzle3D::EventType,std::vector<std::pair<Drizzle3D::EventDispatcher::EventCallback,std::any>,std::allocator<std::pair<Drizzle3D::EventDispatcher::EventCallback,std::any>>>>>>'
  
C:\Users\ronit\Desktop\Drizzle3D\Drizzle3D\ImGuiLayer.h(24,45): warning C4275: non dll-interface class 'Drizzle3D::Layer' used as base for dll-interface class 'Drizzle3D::ImGuiLayer'
  (compiling source file 'Skybox.cpp')
  C:\Users\ronit\Desktop\Drizzle3D\Drizzle3D\Layer.h(16,11):
  see declaration of 'Drizzle3D::Layer'
  C:\Users\ronit\Desktop\Drizzle3D\Drizzle3D\ImGuiLayer.h(24,25):
  see declaration of 'Drizzle3D::ImGuiLayer'
  
C:\Users\ronit\Desktop\Drizzle3D\Drizzle3D\ImGuiLayer.h(46,21): warning C4251: 'Drizzle3D::ImGuiLayer::name': class 'std::basic_string<char,std::char_traits<char>,std::allocator<char>>' needs to have dll-interface to be used by clients of class 'Drizzle3D::ImGuiLayer'
  (compiling source file 'Skybox.cpp')
  C:\Program Files\Microsoft Visual Studio\2022\Community\VC\Tools\MSVC\14.39.33519\include\xstring(2337,7):
  see declaration of 'std::basic_string<char,std::char_traits<char>,std::allocator<char>>'
  
C:\Users\ronit\Desktop\Drizzle3D\Drizzle3D\ImGuiLayer.h(48,37): warning C4251: 'Drizzle3D::ImGuiLayer::igui': class 'std::shared_ptr<Drizzle3D::ImGuiLayer>' needs to have dll-interface to be used by clients of class 'Drizzle3D::ImGuiLayer'
  (compiling source file 'Skybox.cpp')
  C:\Program Files\Microsoft Visual Studio\2022\Community\VC\Tools\MSVC\14.39.33519\include\memory(1525,7):
  see declaration of 'std::shared_ptr<Drizzle3D::ImGuiLayer>'
  
C:\Users\ronit\Desktop\Drizzle3D\Drizzle3D\ImGuiLayer.h(49,34): warning C4251: 'Drizzle3D::ImGuiLayer::SliderFloats': class 'std::vector<Drizzle3D::SliderFloat,std::allocator<Drizzle3D::SliderFloat>>' needs to have dll-interface to be used by clients of class 'Drizzle3D::ImGuiLayer'
  (compiling source file 'Skybox.cpp')
  C:\Program Files\Microsoft Visual Studio\2022\Community\VC\Tools\MSVC\14.39.33519\include\vector(436,7):
  see declaration of 'std::vector<Drizzle3D::SliderFloat,std::allocator<Drizzle3D::SliderFloat>>'
  
C:\Users\ronit\Desktop\Drizzle3D\Drizzle3D\ResourceManager.h(32,48): warning C4251: 'Drizzle3D::ResourceManager::resources': class 'std::unordered_map<std::string,std::string,std::hash<std::string>,std::equal_to<std::string>,std::allocator<std::pair<const std::string,std::string>>>' needs to have dll-interface to be used by clients of class 'Drizzle3D::ResourceManager'
  (compiling source file 'Skybox.cpp')
  C:\Program Files\Microsoft Visual Studio\2022\Community\VC\Tools\MSVC\14.39.33519\include\unordered_map(66,7):
  see declaration of 'std::unordered_map<std::string,std::string,std::hash<std::string>,std::equal_to<std::string>,std::allocator<std::pair<const std::string,std::string>>>'
  
C:\Users\ronit\Desktop\Drizzle3D\Drizzle3D\Skybox.h(21,24): warning C4251: 'Drizzle3D::Skybox::application': class 'std::shared_ptr<Drizzle3D::App>' needs to have dll-interface to be used by clients of class 'Drizzle3D::Skybox'
  (compiling source file 'Skybox.cpp')
  C:\Program Files\Microsoft Visual Studio\2022\Community\VC\Tools\MSVC\14.39.33519\include\memory(1525,7):
  see declaration of 'std::shared_ptr<Drizzle3D::App>'
  
C:\Users\ronit\Desktop\Drizzle3D\Drizzle3D\Skybox.h(22,13): warning C4251: 'Drizzle3D::Skybox::pos': struct 'glm::vec<3,float,glm::packed_highp>' needs to have dll-interface to be used by clients of class 'Drizzle3D::Skybox'
  (compiling source file 'Skybox.cpp')
  C:\Users\ronit\Desktop\Drizzle3D\Drizzle3D\vendor\glm\glm\detail\qualifier.hpp(35,66):
  see declaration of 'glm::vec<3,float,glm::packed_highp>'
  
  main.cpp
C:\Users\ronit\Desktop\Drizzle3D\Drizzle3D\Events.h(55,45): warning C4251: 'Drizzle3D::EventDispatcher::events': class 'std::vector<std::unique_ptr<Drizzle3D::Event,std::default_delete<Drizzle3D::Event>>,std::allocator<std::unique_ptr<Drizzle3D::Event,std::default_delete<Drizzle3D::Event>>>>' needs to have dll-interface to be used by clients of class 'Drizzle3D::EventDispatcher'
  (compiling source file 'main.cpp')
  C:\Program Files\Microsoft Visual Studio\2022\Community\VC\Tools\MSVC\14.39.33519\include\vector(436,7):
  see declaration of 'std::vector<std::unique_ptr<Drizzle3D::Event,std::default_delete<Drizzle3D::Event>>,std::allocator<std::unique_ptr<Drizzle3D::Event,std::default_delete<Drizzle3D::Event>>>>'
  
C:\Users\ronit\Desktop\Drizzle3D\Drizzle3D\Events.h(56,88): warning C4251: 'Drizzle3D::EventDispatcher::eventCallbacks': class 'std::unordered_map<Drizzle3D::EventType,std::vector<std::pair<Drizzle3D::EventDispatcher::EventCallback,std::any>,std::allocator<std::pair<Drizzle3D::EventDispatcher::EventCallback,std::any>>>,std::hash<Drizzle3D::EventType>,std::equal_to<Drizzle3D::EventType>,std::allocator<std::pair<const Drizzle3D::EventType,std::vector<std::pair<Drizzle3D::EventDispatcher::EventCallback,std::any>,std::allocator<std::pair<Drizzle3D::EventDispatcher::EventCallback,std::any>>>>>>' needs to have dll-interface to be used by clients of class 'Drizzle3D::EventDispatcher'
  (compiling source file 'main.cpp')
  C:\Program Files\Microsoft Visual Studio\2022\Community\VC\Tools\MSVC\14.39.33519\include\unordered_map(66,7):
  see declaration of 'std::unordered_map<Drizzle3D::EventType,std::vector<std::pair<Drizzle3D::EventDispatcher::EventCallback,std::any>,std::allocator<std::pair<Drizzle3D::EventDispatcher::EventCallback,std::any>>>,std::hash<Drizzle3D::EventType>,std::equal_to<Drizzle3D::EventType>,std::allocator<std::pair<const Drizzle3D::EventType,std::vector<std::pair<Drizzle3D::EventDispatcher::EventCallback,std::any>,std::allocator<std::pair<Drizzle3D::EventDispatcher::EventCallback,std::any>>>>>>'
  
C:\Users\ronit\Desktop\Drizzle3D\Drizzle3D\ImGuiLayer.h(24,45): warning C4275: non dll-interface class 'Drizzle3D::Layer' used as base for dll-interface class 'Drizzle3D::ImGuiLayer'
  (compiling source file 'main.cpp')
  C:\Users\ronit\Desktop\Drizzle3D\Drizzle3D\Layer.h(16,11):
  see declaration of 'Drizzle3D::Layer'
  C:\Users\ronit\Desktop\Drizzle3D\Drizzle3D\ImGuiLayer.h(24,25):
  see declaration of 'Drizzle3D::ImGuiLayer'
  
C:\Users\ronit\Desktop\Drizzle3D\Drizzle3D\ImGuiLayer.h(46,21): warning C4251: 'Drizzle3D::ImGuiLayer::name': class 'std::basic_string<char,std::char_traits<char>,std::allocator<char>>' needs to have dll-interface to be used by clients of class 'Drizzle3D::ImGuiLayer'
  (compiling source file 'main.cpp')
  C:\Program Files\Microsoft Visual Studio\2022\Community\VC\Tools\MSVC\14.39.33519\include\xstring(2337,7):
  see declaration of 'std::basic_string<char,std::char_traits<char>,std::allocator<char>>'
  
C:\Users\ronit\Desktop\Drizzle3D\Drizzle3D\ImGuiLayer.h(48,37): warning C4251: 'Drizzle3D::ImGuiLayer::igui': class 'std::shared_ptr<Drizzle3D::ImGuiLayer>' needs to have dll-interface to be used by clients of class 'Drizzle3D::ImGuiLayer'
  (compiling source file 'main.cpp')
  C:\Program Files\Microsoft Visual Studio\2022\Community\VC\Tools\MSVC\14.39.33519\include\memory(1525,7):
  see declaration of 'std::shared_ptr<Drizzle3D::ImGuiLayer>'
  
C:\Users\ronit\Desktop\Drizzle3D\Drizzle3D\ImGuiLayer.h(49,34): warning C4251: 'Drizzle3D::ImGuiLayer::SliderFloats': class 'std::vector<Drizzle3D::SliderFloat,std::allocator<Drizzle3D::SliderFloat>>' needs to have dll-interface to be used by clients of class 'Drizzle3D::ImGuiLayer'
  (compiling source file 'main.cpp')
  C:\Program Files\Microsoft Visual Studio\2022\Community\VC\Tools\MSVC\14.39.33519\include\vector(436,7):
  see declaration of 'std::vector<Drizzle3D::SliderFloat,std::allocator<Drizzle3D::SliderFloat>>'
  
C:\Users\ronit\Desktop\Drizzle3D\Drizzle3D\ResourceManager.h(32,48): warning C4251: 'Drizzle3D::ResourceManager::resources': class 'std::unordered_map<std::string,std::string,std::hash<std::string>,std::equal_to<std::string>,std::allocator<std::pair<const std::string,std::string>>>' needs to have dll-interface to be used by clients of class 'Drizzle3D::ResourceManager'
  (compiling source file 'main.cpp')
  C:\Program Files\Microsoft Visual Studio\2022\Community\VC\Tools\MSVC\14.39.33519\include\unordered_map(66,7):
  see declaration of 'std::unordered_map<std::string,std::string,std::hash<std::string>,std::equal_to<std::string>,std::allocator<std::pair<const std::string,std::string>>>'
  
C:\Users\ronit\Desktop\Drizzle3D\Drizzle3D\FirstPersonCamera.h(20,13): warning C4251: 'Drizzle3D::FirstPersonCamera::position': struct 'glm::vec<3,float,glm::packed_highp>' needs to have dll-interface to be used by clients of class 'Drizzle3D::FirstPersonCamera'
  (compiling source file 'main.cpp')
  C:\Users\ronit\Desktop\Drizzle3D\Drizzle3D\vendor\glm\glm\detail\qualifier.hpp(35,66):
  see declaration of 'glm::vec<3,float,glm::packed_highp>'
  
C:\Users\ronit\Desktop\Drizzle3D\Drizzle3D\FirstPersonCamera.h(27,24): warning C4251: 'Drizzle3D::FirstPersonCamera::application': class 'std::shared_ptr<Drizzle3D::App>' needs to have dll-interface to be used by clients of class 'Drizzle3D::FirstPersonCamera'
  (compiling source file 'main.cpp')
  C:\Program Files\Microsoft Visual Studio\2022\Community\VC\Tools\MSVC\14.39.33519\include\memory(1525,7):
  see declaration of 'std::shared_ptr<Drizzle3D::App>'
  
C:\Users\ronit\Desktop\Drizzle3D\Drizzle3D\Skybox.h(21,24): warning C4251: 'Drizzle3D::Skybox::application': class 'std::shared_ptr<Drizzle3D::App>' needs to have dll-interface to be used by clients of class 'Drizzle3D::Skybox'
  (compiling source file 'main.cpp')
  C:\Program Files\Microsoft Visual Studio\2022\Community\VC\Tools\MSVC\14.39.33519\include\memory(1525,7):
  see declaration of 'std::shared_ptr<Drizzle3D::App>'
  
C:\Users\ronit\Desktop\Drizzle3D\Drizzle3D\Skybox.h(22,13): warning C4251: 'Drizzle3D::Skybox::pos': struct 'glm::vec<3,float,glm::packed_highp>' needs to have dll-interface to be used by clients of class 'Drizzle3D::Skybox'
  (compiling source file 'main.cpp')
  C:\Users\ronit\Desktop\Drizzle3D\Drizzle3D\vendor\glm\glm\detail\qualifier.hpp(35,66):
  see declaration of 'glm::vec<3,float,glm::packed_highp>'
  
  Generating Code...
C:\Users\ronit\Desktop\Drizzle3D\Drizzle3D\Camera.cpp(47,1): warning C4715: 'Drizzle3D::RenderingLayer::ReturnActiveCamera': not all control paths return a value
C:\Users\ronit\Desktop\Drizzle3D\Drizzle3D\Camera.cpp(55,1): warning C4715: 'Drizzle3D::RenderingLayer::GetCameraFromID': not all control paths return a value
     Creating library C:\Users\ronit\Desktop\Drizzle3D\x64\Debug\Drizzle3D.lib and object C:\Users\ronit\Desktop\Drizzle3D\x64\Debug\Drizzle3D.exp
LINK : warning LNK4098: defaultlib 'MSVCRT' conflicts with use of other libs; use /NODEFAULTLIB:library
  Drizzle3D.vcxproj -> C:\Users\ronit\Desktop\Drizzle3D\x64\Debug\Drizzle3D.dll
