d:\drizzle3d\drizzle3d\x64\debug\vc143.pdb
d:\drizzle3d\drizzle3d\x64\debug\vc143.idb
d:\drizzle3d\drizzle3d\x64\debug\imgui_impl_opengl3.obj
d:\drizzle3d\drizzle3d\x64\debug\imgui_impl_glfw.obj
d:\drizzle3d\drizzle3d\x64\debug\skybox.obj
d:\drizzle3d\drizzle3d\x64\debug\shader.obj
d:\drizzle3d\drizzle3d\x64\debug\resourcemanager.obj
d:\drizzle3d\drizzle3d\x64\debug\renderer2d.obj
d:\drizzle3d\drizzle3d\x64\debug\renderinglayer.obj
d:\drizzle3d\drizzle3d\x64\debug\opengl.obj
d:\drizzle3d\drizzle3d\x64\debug\object.obj
d:\drizzle3d\drizzle3d\x64\debug\material.obj
d:\drizzle3d\drizzle3d\x64\debug\main.obj
d:\drizzle3d\drizzle3d\x64\debug\logging.obj
d:\drizzle3d\drizzle3d\x64\debug\light.obj
d:\drizzle3d\drizzle3d\x64\debug\layer.obj
d:\drizzle3d\drizzle3d\x64\debug\imguilayer.obj
d:\drizzle3d\drizzle3d\x64\debug\flags.obj
d:\drizzle3d\drizzle3d\x64\debug\firstpersoncamera.obj
d:\drizzle3d\drizzle3d\x64\debug\events.obj
d:\drizzle3d\drizzle3d\x64\debug\camera.obj
d:\drizzle3d\drizzle3d\x64\debug\app.obj
d:\drizzle3d\drizzle3d\x64\debug\window.obj
d:\drizzle3d\drizzle3d\x64\debug\vulkan.obj
d:\drizzle3d\drizzle3d\x64\debug\vkbootstrap.obj
d:\drizzle3d\drizzle3d\x64\debug\imgui_widgets.obj
d:\drizzle3d\drizzle3d\x64\debug\imgui_tables.obj
d:\drizzle3d\drizzle3d\x64\debug\imgui_draw.obj
d:\drizzle3d\drizzle3d\x64\debug\imgui_demo.obj
d:\drizzle3d\drizzle3d\x64\debug\imgui.obj
d:\drizzle3d\drizzle3d\x64\debug\glm.cppm.ifc
d:\drizzle3d\drizzle3d\x64\debug\glm.cppm.ifc.d.json
d:\drizzle3d\drizzle3d\x64\debug\glm.cppm.obj
d:\drizzle3d\drizzle3d\x64\debug\glad.obj
d:\drizzle3d\exampleproject\vendor\drizzle3d\drizzle3d.dll
d:\drizzle3d\exampleproject\vendor\drizzle3d\drizzle3d.pdb
c:\users\ronit\desktop\drizzle3d\drizzle3d\x64\debug\glm.cppm.module.json
d:\drizzle3d\drizzle3d\x64\debug\glm.cppm.module.json
d:\drizzle3d\exampleproject\vendor\drizzle3d\drizzle3d.lib
d:\drizzle3d\exampleproject\vendor\drizzle3d\drizzle3d.exp
d:\drizzle3d\drizzle3d\x64\debug\drizzle3d.ilk
d:\drizzle3d\drizzle3d\x64\debug\collisiondetection.obj
d:\drizzle3d\drizzle3d\x64\debug\drizzle3d.tlog\cl.command.1.tlog
d:\drizzle3d\drizzle3d\x64\debug\drizzle3d.tlog\cl.items.tlog
d:\drizzle3d\drizzle3d\x64\debug\drizzle3d.tlog\cl.read.1.tlog
d:\drizzle3d\drizzle3d\x64\debug\drizzle3d.tlog\cl.write.1.tlog
d:\drizzle3d\drizzle3d\x64\debug\drizzle3d.tlog\link.command.1.tlog
d:\drizzle3d\drizzle3d\x64\debug\drizzle3d.tlog\link.read.1.tlog
d:\drizzle3d\drizzle3d\x64\debug\drizzle3d.tlog\link.secondary.1.tlog
d:\drizzle3d\drizzle3d\x64\debug\drizzle3d.tlog\link.write.1.tlog
d:\drizzle3d\drizzle3d\x64\debug\drizzle3d_md.tlog\cl.command.1.tlog
d:\drizzle3d\drizzle3d\x64\debug\drizzle3d_md.tlog\microsoft.build.cpptasks.cl.read.1.tlog
d:\drizzle3d\drizzle3d\x64\debug\drizzle3d_md.tlog\microsoft.build.cpptasks.cl.write.1.tlog
