c:\users\ronit\desktop\drizzle3d\exampleproject\x64\debug\vc143.pdb
c:\users\ronit\desktop\drizzle3d\exampleproject\x64\debug\vc143.idb
c:\users\ronit\desktop\drizzle3d\exampleproject\x64\debug\exampleproject.obj
c:\users\ronit\desktop\drizzle3d\exampleproject\x64\debug\exampleproject.exe
c:\users\ronit\desktop\drizzle3d\exampleproject\x64\debug\exampleproject.pdb
c:\users\ronit\desktop\drizzle3d\exampleproject\x64\debug\exampleproject.ilk
c:\users\ronit\desktop\drizzle3d\exampleproject\x64\debug\cube.obj
c:\users\ronit\desktop\drizzle3d\exampleproject\x64\debug\duck.obj
c:\users\ronit\desktop\drizzle3d\exampleproject\x64\debug\scene1_cube.obj
c:\users\ronit\desktop\drizzle3d\exampleproject\x64\debug\scene1_cylinder.obj
c:\users\ronit\desktop\drizzle3d\exampleproject\x64\debug\scene1_plane.obj
c:\users\ronit\desktop\drizzle3d\exampleproject\x64\debug\shuttle.obj
c:\users\ronit\desktop\drizzle3d\exampleproject\x64\debug\skybox.obj
c:\users\ronit\desktop\drizzle3d\exampleproject\x64\debug\sphere.obj
c:\users\ronit\desktop\drizzle3d\exampleproject\x64\debug\exampleproject.tlog\cl.command.1.tlog
c:\users\ronit\desktop\drizzle3d\exampleproject\x64\debug\exampleproject.tlog\cl.items.tlog
c:\users\ronit\desktop\drizzle3d\exampleproject\x64\debug\exampleproject.tlog\cl.read.1.tlog
c:\users\ronit\desktop\drizzle3d\exampleproject\x64\debug\exampleproject.tlog\cl.write.1.tlog
c:\users\ronit\desktop\drizzle3d\exampleproject\x64\debug\exampleproject.tlog\link.command.1.tlog
c:\users\ronit\desktop\drizzle3d\exampleproject\x64\debug\exampleproject.tlog\link.read.1.tlog
c:\users\ronit\desktop\drizzle3d\exampleproject\x64\debug\exampleproject.tlog\link.secondary.1.tlog
c:\users\ronit\desktop\drizzle3d\exampleproject\x64\debug\exampleproject.tlog\link.write.1.tlog
