  App.cpp
C:\Users\ronit\Desktop\Drizzle3D\Drizzle3D\ResourceManager.h(19,38): warning C4302: 'type cast': truncation from 'const char []' to 'char'
  (compiling source file 'App.cpp')
  
C:\Users\ronit\Desktop\Drizzle3D\Drizzle3D\ResourceManager.h(46,35): warning C4302: 'type cast': truncation from 'const char []' to 'char'
  (compiling source file 'App.cpp')
  
  Buffer.cpp
  Events.cpp
  FirstPersonCamera.cpp
C:\Users\ronit\Desktop\Drizzle3D\Drizzle3D\ResourceManager.h(19,38): warning C4302: 'type cast': truncation from 'const char []' to 'char'
  (compiling source file 'FirstPersonCamera.cpp')
  
C:\Users\ronit\Desktop\Drizzle3D\Drizzle3D\ResourceManager.h(46,35): warning C4302: 'type cast': truncation from 'const char []' to 'char'
  (compiling source file 'FirstPersonCamera.cpp')
  
  ImGuiLayer.cpp
  Layer.cpp
  Logging.cpp
  main.cpp
C:\Users\ronit\Desktop\Drizzle3D\Drizzle3D\ResourceManager.h(19,38): warning C4302: 'type cast': truncation from 'const char []' to 'char'
  (compiling source file 'main.cpp')
  
C:\Users\ronit\Desktop\Drizzle3D\Drizzle3D\ResourceManager.h(46,35): warning C4302: 'type cast': truncation from 'const char []' to 'char'
  (compiling source file 'main.cpp')
  
  RenderingLayer.cpp
  ResourceManager.cpp
C:\Users\ronit\Desktop\Drizzle3D\Drizzle3D\RenderingLayer.cpp(5,10): error C1083: Cannot open include file: 'assimp/Importer.hpp': No such file or directory
C:\Users\ronit\Desktop\Drizzle3D\Drizzle3D\ResourceManager.h(19,38): warning C4302: 'type cast': truncation from 'const char []' to 'char'
  (compiling source file 'ResourceManager.cpp')
  
C:\Users\ronit\Desktop\Drizzle3D\Drizzle3D\ResourceManager.h(46,35): warning C4302: 'type cast': truncation from 'const char []' to 'char'
  (compiling source file 'ResourceManager.cpp')
  
  Shader.cpp
  Skybox.cpp
C:\Users\ronit\Desktop\Drizzle3D\Drizzle3D\ResourceManager.h(19,38): warning C4302: 'type cast': truncation from 'const char []' to 'char'
  (compiling source file 'Skybox.cpp')
  
C:\Users\ronit\Desktop\Drizzle3D\Drizzle3D\ResourceManager.h(46,35): warning C4302: 'type cast': truncation from 'const char []' to 'char'
  (compiling source file 'Skybox.cpp')
  
  imgui_impl_glfw.cpp
  imgui_impl_opengl3.cpp
  imgui.cpp
  imgui_demo.cpp
  imgui_draw.cpp
  imgui_tables.cpp
  imgui_widgets.cpp
  Window.cpp
